<?xml version="1.0" encoding="UTF-8"?>
<testng-results skipped="0" failed="0" total="2" passed="2">
  <reporter-output>
  </reporter-output>
  <suite name="Default suite" duration-ms="14062" started-at="2018-03-19T02:26:06Z" finished-at="2018-03-19T02:26:20Z">
    <groups>
    </groups>
    <test name="Default test" duration-ms="14062" started-at="2018-03-19T02:26:06Z" finished-at="2018-03-19T02:26:20Z">
      <class name="VanillaMaskerTest">
        <test-method status="PASS" signature="GoToApp()[pri:0, instance:VanillaMaskerTest@2752f6e2]" name="GoToApp" is-config="true" duration-ms="7169" started-at="2018-03-19T07:56:06Z" finished-at="2018-03-19T07:56:14Z">
          <reporter-output>
          </reporter-output>
        </test-method> <!-- GoToApp -->
        <test-method status="PASS" signature="Test(java.lang.String, java.lang.String, java.lang.String)[pri:0, instance:VanillaMaskerTest@2752f6e2]" name="Test" duration-ms="281" started-at="2018-03-19T07:56:14Z" data-provider="Data" finished-at="2018-03-19T07:56:14Z">
          <params>
            <param index="0">
              <value>
                <![CDATA[123]]>
              </value>
            </param>
            <param index="1">
              <value>
                <![CDATA[1233242]]>
              </value>
            </param>
            <param index="2">
              <value>
                <![CDATA[1233443]]>
              </value>
            </param>
          </params>
          <reporter-output>
          </reporter-output>
        </test-method> <!-- Test -->
        <test-method status="PASS" signature="GoToApp()[pri:0, instance:VanillaMaskerTest@2752f6e2]" name="GoToApp" is-config="true" duration-ms="5868" started-at="2018-03-19T07:56:14Z" finished-at="2018-03-19T07:56:20Z">
          <reporter-output>
          </reporter-output>
        </test-method> <!-- GoToApp -->
        <test-method status="PASS" signature="Test(java.lang.String, java.lang.String, java.lang.String)[pri:0, instance:VanillaMaskerTest@2752f6e2]" name="Test" duration-ms="243" started-at="2018-03-19T07:56:20Z" data-provider="Data" finished-at="2018-03-19T07:56:20Z">
          <params>
            <param index="0">
              <value>
                <![CDATA[1]]>
              </value>
            </param>
            <param index="1">
              <value>
                <![CDATA[12]]>
              </value>
            </param>
            <param index="2">
              <value>
                <![CDATA[123345]]>
              </value>
            </param>
          </params>
          <reporter-output>
          </reporter-output>
        </test-method> <!-- Test -->
      </class> <!-- VanillaMaskerTest -->
    </test> <!-- Default test -->
  </suite> <!-- Default suite -->
</testng-results>
